

================================================================
== Synthesis Summary Report of 'vending_machine'
================================================================
+ General Information: 
    * Date:           Mon Dec 15 21:27:20 2025
    * Version:        2024.1 (Build 5069499 on May 21 2024)
    * Project:        hls_vending_machine
    * Solution:       solution1 (Vivado IP Flow Target)
    * Product family: zynq
    * Target device:  xc7z020-clg484-1
    

+ Performance & Resource Estimates: 
    
    PS: '+' for module; 'o' for loop; '*' for dataflow
    +-------------------+------+------+---------+--------+----------+---------+------+----------+------+----+----------+-----------+-----+
    |      Modules      | Issue|      | Latency | Latency| Iteration|         | Trip |          |      |    |          |           |     |
    |      & Loops      | Type | Slack| (cycles)|  (ns)  |  Latency | Interval| Count| Pipelined| BRAM | DSP|    FF    |    LUT    | URAM|
    +-------------------+------+------+---------+--------+----------+---------+------+----------+------+----+----------+-----------+-----+
    |+ vending_machine  |     -|  4.30|        0|   0.000|         -|        1|     -|        no|     -|   -|  33 (~0%)|  155 (~0%)|    -|
    +-------------------+------+------+---------+--------+----------+---------+------+----------+------+----+----------+-----------+-----+


================================================================
== HW Interfaces
================================================================
* Other Ports
+------------+---------+-----------+----------+
| Port       | Mode    | Direction | Bitwidth |
+------------+---------+-----------+----------+
| candy_out  | ap_none | out       | 1        |
| dime_in    | ap_none | in        | 1        |
| dime_out   | ap_none | out       | 2        |
| nickel_in  | ap_none | in        | 1        |
| nickel_out | ap_none | out       | 1        |
| quarter_in | ap_none | in        | 1        |
| thanks_in  | ap_none | in        | 1        |
+------------+---------+-----------+----------+

* TOP LEVEL CONTROL
+-----------+--------------+--------+
| Interface | Type         | Ports  |
+-----------+--------------+--------+
| ap_clk    | clock        | ap_clk |
| ap_rst    | reset        | ap_rst |
| ap_ctrl   | ap_ctrl_none |        |
+-----------+--------------+--------+


================================================================
== SW I/O Information
================================================================
* Top Function Arguments
+------------+-----------+-------------+
| Argument   | Direction | Datatype    |
+------------+-----------+-------------+
| nickel_in  | in        | bool        |
| dime_in    | in        | bool        |
| quarter_in | in        | bool        |
| thanks_in  | in        | bool        |
| candy_out  | out       | bool&       |
| nickel_out | out       | bool&       |
| dime_out   | out       | ap_uint<2>& |
+------------+-----------+-------------+

* SW-to-HW Mapping
+------------+--------------+---------+
| Argument   | HW Interface | HW Type |
+------------+--------------+---------+
| nickel_in  | nickel_in    | port    |
| dime_in    | dime_in      | port    |
| quarter_in | quarter_in   | port    |
| thanks_in  | thanks_in    | port    |
| candy_out  | candy_out    | port    |
| nickel_out | nickel_out   | port    |
| dime_out   | dime_out     | port    |
+------------+--------------+---------+


================================================================
== Bind Op Report
================================================================
+----------------------------+-----+--------+----------------+--------+----------+---------+
| Name                       | DSP | Pragma | Variable       | Op     | Impl     | Latency |
+----------------------------+-----+--------+----------------+--------+----------+---------+
| + vending_machine          | 0   |        |                |        |          |         |
|   or_ln79_fu_372_p2        |     |        | or_ln79        | or     | auto     | 0       |
|   select_ln189_fu_378_p3   |     |        | select_ln189   | select | auto_sel | 0       |
|   select_ln138_1_fu_387_p3 |     |        | select_ln138_1 | select | auto_sel | 0       |
|   select_ln138_fu_395_p3   |     |        | select_ln138   | select | auto_sel | 0       |
|   select_ln124_1_fu_408_p3 |     |        | select_ln124_1 | select | auto_sel | 0       |
|   select_ln124_fu_416_p3   |     |        | select_ln124   | select | auto_sel | 0       |
|   select_ln110_1_fu_429_p3 |     |        | select_ln110_1 | select | auto_sel | 0       |
|   select_ln110_fu_437_p3   |     |        | select_ln110   | select | auto_sel | 0       |
|   select_ln95_1_fu_450_p3  |     |        | select_ln95_1  | select | auto_sel | 0       |
|   select_ln95_fu_458_p3    |     |        | select_ln95    | select | auto_sel | 0       |
|   select_ln79_1_fu_471_p3  |     |        | select_ln79_1  | select | auto_sel | 0       |
|   select_ln79_fu_479_p3    |     |        | select_ln79    | select | auto_sel | 0       |
+----------------------------+-----+--------+----------------+--------+----------+---------+


================================================================
== Storage Report
================================================================
  No bind storage info in design

================================================================
== Pragma Report
================================================================
* Valid Pragma Syntax
+-----------+--------------------------+--------------------------------------------------------------------------------------+
| Type      | Options                  | Location                                                                             |
+-----------+--------------------------+--------------------------------------------------------------------------------------+
| interface | ap_none port=nickel_in   | vending_machine-vitishls-files/vending_machine.cpp:45 in vending_machine, nickel_in  |
| interface | ap_none port=dime_in     | vending_machine-vitishls-files/vending_machine.cpp:46 in vending_machine, dime_in    |
| interface | ap_none port=quarter_in  | vending_machine-vitishls-files/vending_machine.cpp:47 in vending_machine, quarter_in |
| interface | ap_none port=thanks_in   | vending_machine-vitishls-files/vending_machine.cpp:48 in vending_machine, thanks_in  |
| interface | ap_none port=candy_out   | vending_machine-vitishls-files/vending_machine.cpp:50 in vending_machine, candy_out  |
| interface | ap_none port=nickel_out  | vending_machine-vitishls-files/vending_machine.cpp:51 in vending_machine, nickel_out |
| interface | ap_none port=dime_out    | vending_machine-vitishls-files/vending_machine.cpp:52 in vending_machine, dime_out   |
| interface | ap_ctrl_none port=return | vending_machine-vitishls-files/vending_machine.cpp:54 in vending_machine, return     |
+-----------+--------------------------+--------------------------------------------------------------------------------------+


