 nickel_in = 0 dime_in = 0 quarter_in = 0 thanks_in=0 |  candy_out = 0 nickel_out = 0 dime_out = 0b0
 nickel_in = 0 dime_in = 0 quarter_in = 1 thanks_in=0 |  candy_out = 0 nickel_out = 0 dime_out = 0b0
 nickel_in = 0 dime_in = 0 quarter_in = 0 thanks_in=0 |  candy_out = 1 nickel_out = 0 dime_out = 0b0
 nickel_in = 0 dime_in = 0 quarter_in = 0 thanks_in=1 |  candy_out = 0 nickel_out = 0 dime_out = 0b0
 nickel_in = 0 dime_in = 0 quarter_in = 0 thanks_in=0 |  candy_out = 0 nickel_out = 0 dime_out = 0b0
 nickel_in = 1 dime_in = 0 quarter_in = 0 thanks_in=0 |  candy_out = 0 nickel_out = 0 dime_out = 0b0
 nickel_in = 0 dime_in = 0 quarter_in = 0 thanks_in=0 |  candy_out = 0 nickel_out = 0 dime_out = 0b0
 nickel_in = 0 dime_in = 0 quarter_in = 1 thanks_in=0 |  candy_out = 0 nickel_out = 0 dime_out = 0b0
 nickel_in = 0 dime_in = 0 quarter_in = 0 thanks_in=0 |  candy_out = 1 nickel_out = 1 dime_out = 0b0
 nickel_in = 0 dime_in = 0 quarter_in = 0 thanks_in=1 |  candy_out = 0 nickel_out = 0 dime_out = 0b0
 nickel_in = 0 dime_in = 0 quarter_in = 0 thanks_in=0 |  candy_out = 0 nickel_out = 0 dime_out = 0b0
 nickel_in = 0 dime_in = 1 quarter_in = 0 thanks_in=0 |  candy_out = 0 nickel_out = 0 dime_out = 0b0
 nickel_in = 0 dime_in = 0 quarter_in = 0 thanks_in=0 |  candy_out = 0 nickel_out = 0 dime_out = 0b0
 nickel_in = 0 dime_in = 1 quarter_in = 0 thanks_in=0 |  candy_out = 0 nickel_out = 0 dime_out = 0b0
 nickel_in = 0 dime_in = 0 quarter_in = 0 thanks_in=0 |  candy_out = 0 nickel_out = 0 dime_out = 0b0
 nickel_in = 0 dime_in = 1 quarter_in = 0 thanks_in=0 |  candy_out = 0 nickel_out = 0 dime_out = 0b0
 nickel_in = 0 dime_in = 0 quarter_in = 0 thanks_in=0 |  candy_out = 1 nickel_out = 1 dime_out = 0b0
 nickel_in = 0 dime_in = 0 quarter_in = 0 thanks_in=1 |  candy_out = 0 nickel_out = 0 dime_out = 0b0
 nickel_in = 0 dime_in = 0 quarter_in = 0 thanks_in=0 |  candy_out = 0 nickel_out = 0 dime_out = 0b0
 nickel_in = 0 dime_in = 1 quarter_in = 0 thanks_in=0 |  candy_out = 0 nickel_out = 0 dime_out = 0b0
 nickel_in = 0 dime_in = 0 quarter_in = 0 thanks_in=0 |  candy_out = 0 nickel_out = 0 dime_out = 0b0
 nickel_in = 0 dime_in = 0 quarter_in = 1 thanks_in=0 |  candy_out = 0 nickel_out = 0 dime_out = 0b0
 nickel_in = 0 dime_in = 0 quarter_in = 0 thanks_in=0 |  candy_out = 1 nickel_out = 0 dime_out = 0b01
 nickel_in = 0 dime_in = 0 quarter_in = 0 thanks_in=1 |  candy_out = 0 nickel_out = 0 dime_out = 0b0
 nickel_in = 0 dime_in = 0 quarter_in = 0 thanks_in=0 |  candy_out = 0 nickel_out = 0 dime_out = 0b0
 nickel_in = 1 dime_in = 0 quarter_in = 0 thanks_in=0 |  candy_out = 0 nickel_out = 0 dime_out = 0b0
 nickel_in = 0 dime_in = 0 quarter_in = 0 thanks_in=0 |  candy_out = 0 nickel_out = 0 dime_out = 0b0
 nickel_in = 0 dime_in = 1 quarter_in = 0 thanks_in=0 |  candy_out = 0 nickel_out = 0 dime_out = 0b0
 nickel_in = 0 dime_in = 0 quarter_in = 0 thanks_in=0 |  candy_out = 0 nickel_out = 0 dime_out = 0b0
 nickel_in = 0 dime_in = 0 quarter_in = 1 thanks_in=0 |  candy_out = 0 nickel_out = 0 dime_out = 0b0
 nickel_in = 0 dime_in = 0 quarter_in = 0 thanks_in=0 |  candy_out = 1 nickel_out = 1 dime_out = 0b01
 nickel_in = 0 dime_in = 0 quarter_in = 0 thanks_in=1 |  candy_out = 0 nickel_out = 0 dime_out = 0b0
 nickel_in = 0 dime_in = 0 quarter_in = 0 thanks_in=0 |  candy_out = 0 nickel_out = 0 dime_out = 0b0
 nickel_in = 0 dime_in = 1 quarter_in = 0 thanks_in=0 |  candy_out = 0 nickel_out = 0 dime_out = 0b0
 nickel_in = 0 dime_in = 0 quarter_in = 0 thanks_in=0 |  candy_out = 0 nickel_out = 0 dime_out = 0b0
 nickel_in = 0 dime_in = 1 quarter_in = 0 thanks_in=0 |  candy_out = 0 nickel_out = 0 dime_out = 0b0
 nickel_in = 0 dime_in = 0 quarter_in = 0 thanks_in=0 |  candy_out = 0 nickel_out = 0 dime_out = 0b0
 nickel_in = 0 dime_in = 0 quarter_in = 1 thanks_in=0 |  candy_out = 0 nickel_out = 0 dime_out = 0b0
 nickel_in = 0 dime_in = 0 quarter_in = 0 thanks_in=0 |  candy_out = 1 nickel_out = 0 dime_out = 0b11
 nickel_in = 0 dime_in = 0 quarter_in = 0 thanks_in=1 |  candy_out = 0 nickel_out = 0 dime_out = 0b0
 nickel_in = 0 dime_in = 0 quarter_in = 0 thanks_in=0 |  candy_out = 0 nickel_out = 0 dime_out = 0b0
 nickel_in = 0 dime_in = 0 quarter_in = 1 thanks_in=0 |  candy_out = 0 nickel_out = 0 dime_out = 0b0
 nickel_in = 0 dime_in = 0 quarter_in = 0 thanks_in=0 |  candy_out = 1 nickel_out = 0 dime_out = 0b0
 nickel_in = 1 dime_in = 0 quarter_in = 0 thanks_in=0 |  candy_out = 0 nickel_out = 0 dime_out = 0b0
 nickel_in = 0 dime_in = 0 quarter_in = 0 thanks_in=0 |  candy_out = 0 nickel_out = 0 dime_out = 0b0
 nickel_in = 0 dime_in = 0 quarter_in = 0 thanks_in=1 |  candy_out = 0 nickel_out = 0 dime_out = 0b0
 nickel_in = 0 dime_in = 0 quarter_in = 0 thanks_in=0 |  candy_out = 0 nickel_out = 0 dime_out = 0b0
All FSM tests passed!

C:\Users\joshu\Desktop\exercise_5\hls_vending_machine\solution1\sim\verilog>set PATH= 

C:\Users\joshu\Desktop\exercise_5\hls_vending_machine\solution1\sim\verilog>call C:/Xilinx/Vivado/2024.1/bin/xelab xil_defaultlib.apatb_vending_machine_top glbl -Oenable_linking_all_libraries  -prj vending_machine.prj -L smartconnect_v1_0 -L axi_protocol_checker_v1_1_12 -L axi_protocol_checker_v1_1_13 -L axis_protocol_checker_v1_1_11 -L axis_protocol_checker_v1_1_12 -L xil_defaultlib -L unisims_ver -L xpm  -L floating_point_v7_0_23 -L floating_point_v7_1_18 --lib "ieee_proposed=./ieee_proposed" -s vending_machine -debug all 
Vivado Simulator v2024.1
Copyright 1986-2022 Xilinx, Inc. All Rights Reserved.
Copyright 2022-2024 Advanced Micro Devices, Inc. All Rights Reserved.
Running: C:/Xilinx/Vivado/2024.1/bin/unwrapped/win64.o/xelab.exe xil_defaultlib.apatb_vending_machine_top glbl -Oenable_linking_all_libraries -prj vending_machine.prj -L smartconnect_v1_0 -L axi_protocol_checker_v1_1_12 -L axi_protocol_checker_v1_1_13 -L axis_protocol_checker_v1_1_11 -L axis_protocol_checker_v1_1_12 -L xil_defaultlib -L unisims_ver -L xpm -L floating_point_v7_0_23 -L floating_point_v7_1_18 --lib ieee_proposed=./ieee_proposed -s vending_machine -debug all 
Multi-threading is on. Using 6 slave threads.
INFO: [VRFC 10-2263] Analyzing SystemVerilog file "C:/Users/joshu/Desktop/exercise_5/hls_vending_machine/solution1/sim/verilog/glbl.v" into library work
INFO: [VRFC 10-311] analyzing module glbl
INFO: [VRFC 10-2263] Analyzing SystemVerilog file "C:/Users/joshu/Desktop/exercise_5/hls_vending_machine/solution1/sim/verilog/vending_machine.autotb.v" into library xil_defaultlib
INFO: [VRFC 10-311] analyzing module apatb_vending_machine_top
INFO: [VRFC 10-2263] Analyzing SystemVerilog file "C:/Users/joshu/Desktop/exercise_5/hls_vending_machine/solution1/sim/verilog/vending_machine.v" into library xil_defaultlib
INFO: [VRFC 10-311] analyzing module vending_machine
INFO: [VRFC 10-2263] Analyzing SystemVerilog file "C:/Users/joshu/Desktop/exercise_5/hls_vending_machine/solution1/sim/verilog/dataflow_monitor.sv" into library xil_defaultlib
INFO: [VRFC 10-311] analyzing module dataflow_monitor
Starting static elaboration
Pass Through NonSizing Optimizer
Completed static elaboration
Starting simulation data flow analysis
Completed simulation data flow analysis
Time Resolution for simulation is 1ps
Compiling package xil_defaultlib.$unit_dataflow_monitor_sv
Compiling module xil_defaultlib.vending_machine
Compiling module xil_defaultlib.nodf_module_intf_default
Compiling module xil_defaultlib.dataflow_monitor
Compiling module xil_defaultlib.apatb_vending_machine_top
Compiling module work.glbl
Built simulation snapshot vending_machine

****** xsim v2024.1 (64-bit)
  **** SW Build 5076996 on Wed May 22 18:37:14 MDT 2024
  **** IP Build 5075265 on Wed May 22 21:45:21 MDT 2024
  **** SharedData Build 5076995 on Wed May 22 18:29:18 MDT 2024
  **** Start of session at: Mon Dec 15 21:29:32 2025
    ** Copyright 1986-2022 Xilinx, Inc. All Rights Reserved.
    ** Copyright 2022-2024 Advanced Micro Devices, Inc. All Rights Reserved.

start_gui
INFO: [Common 17-206] Exiting xsim at Mon Dec 15 21:30:12 2025...
 nickel_in = 0 dime_in = 0 quarter_in = 0 thanks_in=0 |  candy_out = 0 nickel_out = 0 dime_out = 0b0
 nickel_in = 0 dime_in = 0 quarter_in = 1 thanks_in=0 |  candy_out = 0 nickel_out = 0 dime_out = 0b0
 nickel_in = 0 dime_in = 0 quarter_in = 0 thanks_in=0 |  candy_out = 1 nickel_out = 0 dime_out = 0b0
 nickel_in = 0 dime_in = 0 quarter_in = 0 thanks_in=1 |  candy_out = 0 nickel_out = 0 dime_out = 0b0
 nickel_in = 0 dime_in = 0 quarter_in = 0 thanks_in=0 |  candy_out = 0 nickel_out = 0 dime_out = 0b0
 nickel_in = 1 dime_in = 0 quarter_in = 0 thanks_in=0 |  candy_out = 0 nickel_out = 0 dime_out = 0b0
 nickel_in = 0 dime_in = 0 quarter_in = 0 thanks_in=0 |  candy_out = 0 nickel_out = 0 dime_out = 0b0
 nickel_in = 0 dime_in = 0 quarter_in = 1 thanks_in=0 |  candy_out = 0 nickel_out = 0 dime_out = 0b0
 nickel_in = 0 dime_in = 0 quarter_in = 0 thanks_in=0 |  candy_out = 1 nickel_out = 1 dime_out = 0b0
 nickel_in = 0 dime_in = 0 quarter_in = 0 thanks_in=1 |  candy_out = 0 nickel_out = 0 dime_out = 0b0
 nickel_in = 0 dime_in = 0 quarter_in = 0 thanks_in=0 |  candy_out = 0 nickel_out = 0 dime_out = 0b0
 nickel_in = 0 dime_in = 1 quarter_in = 0 thanks_in=0 |  candy_out = 0 nickel_out = 0 dime_out = 0b0
 nickel_in = 0 dime_in = 0 quarter_in = 0 thanks_in=0 |  candy_out = 0 nickel_out = 0 dime_out = 0b0
 nickel_in = 0 dime_in = 1 quarter_in = 0 thanks_in=0 |  candy_out = 0 nickel_out = 0 dime_out = 0b0
 nickel_in = 0 dime_in = 0 quarter_in = 0 thanks_in=0 |  candy_out = 0 nickel_out = 0 dime_out = 0b0
 nickel_in = 0 dime_in = 1 quarter_in = 0 thanks_in=0 |  candy_out = 0 nickel_out = 0 dime_out = 0b0
 nickel_in = 0 dime_in = 0 quarter_in = 0 thanks_in=0 |  candy_out = 1 nickel_out = 1 dime_out = 0b0
 nickel_in = 0 dime_in = 0 quarter_in = 0 thanks_in=1 |  candy_out = 0 nickel_out = 0 dime_out = 0b0
 nickel_in = 0 dime_in = 0 quarter_in = 0 thanks_in=0 |  candy_out = 0 nickel_out = 0 dime_out = 0b0
 nickel_in = 0 dime_in = 1 quarter_in = 0 thanks_in=0 |  candy_out = 0 nickel_out = 0 dime_out = 0b0
 nickel_in = 0 dime_in = 0 quarter_in = 0 thanks_in=0 |  candy_out = 0 nickel_out = 0 dime_out = 0b0
 nickel_in = 0 dime_in = 0 quarter_in = 1 thanks_in=0 |  candy_out = 0 nickel_out = 0 dime_out = 0b0
 nickel_in = 0 dime_in = 0 quarter_in = 0 thanks_in=0 |  candy_out = 1 nickel_out = 0 dime_out = 0b01
 nickel_in = 0 dime_in = 0 quarter_in = 0 thanks_in=1 |  candy_out = 0 nickel_out = 0 dime_out = 0b0
 nickel_in = 0 dime_in = 0 quarter_in = 0 thanks_in=0 |  candy_out = 0 nickel_out = 0 dime_out = 0b0
 nickel_in = 1 dime_in = 0 quarter_in = 0 thanks_in=0 |  candy_out = 0 nickel_out = 0 dime_out = 0b0
 nickel_in = 0 dime_in = 0 quarter_in = 0 thanks_in=0 |  candy_out = 0 nickel_out = 0 dime_out = 0b0
 nickel_in = 0 dime_in = 1 quarter_in = 0 thanks_in=0 |  candy_out = 0 nickel_out = 0 dime_out = 0b0
 nickel_in = 0 dime_in = 0 quarter_in = 0 thanks_in=0 |  candy_out = 0 nickel_out = 0 dime_out = 0b0
 nickel_in = 0 dime_in = 0 quarter_in = 1 thanks_in=0 |  candy_out = 0 nickel_out = 0 dime_out = 0b0
 nickel_in = 0 dime_in = 0 quarter_in = 0 thanks_in=0 |  candy_out = 1 nickel_out = 1 dime_out = 0b01
 nickel_in = 0 dime_in = 0 quarter_in = 0 thanks_in=1 |  candy_out = 0 nickel_out = 0 dime_out = 0b0
 nickel_in = 0 dime_in = 0 quarter_in = 0 thanks_in=0 |  candy_out = 0 nickel_out = 0 dime_out = 0b0
 nickel_in = 0 dime_in = 1 quarter_in = 0 thanks_in=0 |  candy_out = 0 nickel_out = 0 dime_out = 0b0
 nickel_in = 0 dime_in = 0 quarter_in = 0 thanks_in=0 |  candy_out = 0 nickel_out = 0 dime_out = 0b0
 nickel_in = 0 dime_in = 1 quarter_in = 0 thanks_in=0 |  candy_out = 0 nickel_out = 0 dime_out = 0b0
 nickel_in = 0 dime_in = 0 quarter_in = 0 thanks_in=0 |  candy_out = 0 nickel_out = 0 dime_out = 0b0
 nickel_in = 0 dime_in = 0 quarter_in = 1 thanks_in=0 |  candy_out = 0 nickel_out = 0 dime_out = 0b0
 nickel_in = 0 dime_in = 0 quarter_in = 0 thanks_in=0 |  candy_out = 1 nickel_out = 0 dime_out = 0b11
 nickel_in = 0 dime_in = 0 quarter_in = 0 thanks_in=1 |  candy_out = 0 nickel_out = 0 dime_out = 0b0
 nickel_in = 0 dime_in = 0 quarter_in = 0 thanks_in=0 |  candy_out = 0 nickel_out = 0 dime_out = 0b0
 nickel_in = 0 dime_in = 0 quarter_in = 1 thanks_in=0 |  candy_out = 0 nickel_out = 0 dime_out = 0b0
 nickel_in = 0 dime_in = 0 quarter_in = 0 thanks_in=0 |  candy_out = 1 nickel_out = 0 dime_out = 0b0
 nickel_in = 1 dime_in = 0 quarter_in = 0 thanks_in=0 |  candy_out = 0 nickel_out = 0 dime_out = 0b0
 nickel_in = 0 dime_in = 0 quarter_in = 0 thanks_in=0 |  candy_out = 0 nickel_out = 0 dime_out = 0b0
 nickel_in = 0 dime_in = 0 quarter_in = 0 thanks_in=1 |  candy_out = 0 nickel_out = 0 dime_out = 0b0
 nickel_in = 0 dime_in = 0 quarter_in = 0 thanks_in=0 |  candy_out = 0 nickel_out = 0 dime_out = 0b0
All FSM tests passed!
