
*** Running vivado
    with args -log design_1_pulse_generator_0_0.vds -m64 -product Vivado -mode batch -messageDb vivado.pb -notrace -source design_1_pulse_generator_0_0.tcl



****** Vivado v2024.1 (64-bit)
  **** SW Build 5076996 on Wed May 22 18:37:14 MDT 2024
  **** IP Build 5075265 on Wed May 22 21:45:21 MDT 2024
  **** SharedData Build 5076995 on Wed May 22 18:29:18 MDT 2024
  **** Start of session at: Sat Dec  6 03:42:17 2025
    ** Copyright 1986-2022 Xilinx, Inc. All Rights Reserved.
    ** Copyright 2022-2024 Advanced Micro Devices, Inc. All Rights Reserved.

source design_1_pulse_generator_0_0.tcl -notrace
create_project: Time (s): cpu = 00:00:10 ; elapsed = 00:00:12 . Memory (MB): peak = 513.887 ; gain = 195.375
INFO: [IP_Flow 19-234] Refreshing IP repositories
INFO: [IP_Flow 19-1700] Loaded user IP repository 'c:/Users/joshu/Desktop/exercise_5/hls_vending_machine'.
INFO: [IP_Flow 19-1700] Loaded user IP repository 'c:/Users/joshu/Desktop/exercise_5/pulse_detector-vitishls-ip'.
INFO: [IP_Flow 19-1700] Loaded user IP repository 'c:/Users/joshu/Desktop/exercise_5/pulse_generator-vitishls-ip'.
INFO: [IP_Flow 19-1700] Loaded user IP repository 'c:/Users/joshu/Desktop/exercise_5/debouncer-vitishls-files'.
INFO: [IP_Flow 19-2313] Loaded Vivado IP repository 'C:/Xilinx/Vivado/2024.1/data/ip'.
WARNING: [IP_Flow 19-4995] The host OS only allows 260 characters in a normal path. The IP cache path is more than 80 characters. If you experience issues with IP caching, please consider changing the IP cache to a location with a shorter path. Alternately consider using the OS subst command to map part of the path to a drive letter. 
Current IP cache path is c:/Users/joshu/Desktop/exercise_5/vending_machine_system/vending_machine_system.cache/ip 
INFO: [IP_Flow 19-6924] IPCACHE: Running cache check for IP inst: design_1_pulse_generator_0_0
Command: synth_design -top design_1_pulse_generator_0_0 -part xc7z020clg484-1 -incremental_mode off -mode out_of_context
Starting synth_design
Attempting to get a license for feature 'Synthesis' and/or device 'xc7z020'
INFO: [Common 17-349] Got license for feature 'Synthesis' and/or device 'xc7z020'
INFO: [Device 21-403] Loading part xc7z020clg484-1
INFO: [Device 21-9227] Part: xc7z020clg484-1 does not have CEAM library.
INFO: [Synth 8-7079] Multithreading enabled for synth_design using a maximum of 2 processes.
INFO: [Synth 8-7078] Launching helper process for spawning children vivado processes
INFO: [Synth 8-7075] Helper process launched with PID 31456
---------------------------------------------------------------------------------
Starting RTL Elaboration : Time (s): cpu = 00:00:09 ; elapsed = 00:00:12 . Memory (MB): peak = 1402.805 ; gain = 448.121
---------------------------------------------------------------------------------
INFO: [Synth 8-638] synthesizing module 'design_1_pulse_generator_0_0' [c:/Users/joshu/Desktop/exercise_5/vending_machine_system/vending_machine_system.gen/sources_1/bd/design_1/ip/design_1_pulse_generator_0_0/synth/design_1_pulse_generator_0_0.vhd:65]
INFO: [Synth 8-3491] module 'pulse_generator' declared at 'c:/Users/joshu/Desktop/exercise_5/vending_machine_system/vending_machine_system.gen/sources_1/bd/design_1/ipshared/ed96/hdl/vhdl/pulse_generator.vhd:11' bound to instance 'U0' of component 'pulse_generator' [c:/Users/joshu/Desktop/exercise_5/vending_machine_system/vending_machine_system.gen/sources_1/bd/design_1/ip/design_1_pulse_generator_0_0/synth/design_1_pulse_generator_0_0.vhd:101]
INFO: [Synth 8-638] synthesizing module 'pulse_generator' [c:/Users/joshu/Desktop/exercise_5/vending_machine_system/vending_machine_system.gen/sources_1/bd/design_1/ipshared/ed96/hdl/vhdl/pulse_generator.vhd:20]
INFO: [Synth 8-256] done synthesizing module 'pulse_generator' (0#1) [c:/Users/joshu/Desktop/exercise_5/vending_machine_system/vending_machine_system.gen/sources_1/bd/design_1/ipshared/ed96/hdl/vhdl/pulse_generator.vhd:20]
INFO: [Synth 8-256] done synthesizing module 'design_1_pulse_generator_0_0' (0#1) [c:/Users/joshu/Desktop/exercise_5/vending_machine_system/vending_machine_system.gen/sources_1/bd/design_1/ip/design_1_pulse_generator_0_0/synth/design_1_pulse_generator_0_0.vhd:65]
---------------------------------------------------------------------------------
Finished RTL Elaboration : Time (s): cpu = 00:00:11 ; elapsed = 00:00:15 . Memory (MB): peak = 1512.559 ; gain = 557.875
---------------------------------------------------------------------------------
---------------------------------------------------------------------------------
Start Handling Custom Attributes
---------------------------------------------------------------------------------
---------------------------------------------------------------------------------
Finished Handling Custom Attributes : Time (s): cpu = 00:00:11 ; elapsed = 00:00:15 . Memory (MB): peak = 1512.559 ; gain = 557.875
---------------------------------------------------------------------------------
---------------------------------------------------------------------------------
Finished RTL Optimization Phase 1 : Time (s): cpu = 00:00:11 ; elapsed = 00:00:15 . Memory (MB): peak = 1512.559 ; gain = 557.875
---------------------------------------------------------------------------------
Netlist sorting complete. Time (s): cpu = 00:00:00 ; elapsed = 00:00:00 . Memory (MB): peak = 1512.559 ; gain = 0.000
INFO: [Project 1-570] Preparing netlist for logic optimization

Processing XDC Constraints
Initializing timing engine
Parsing XDC File [c:/Users/joshu/Desktop/exercise_5/vending_machine_system/vending_machine_system.gen/sources_1/bd/design_1/ip/design_1_pulse_generator_0_0/constraints/pulse_generator_ooc.xdc] for cell 'U0'
Finished Parsing XDC File [c:/Users/joshu/Desktop/exercise_5/vending_machine_system/vending_machine_system.gen/sources_1/bd/design_1/ip/design_1_pulse_generator_0_0/constraints/pulse_generator_ooc.xdc] for cell 'U0'
Parsing XDC File [C:/Users/joshu/Desktop/exercise_5/vending_machine_system/vending_machine_system.runs/design_1_pulse_generator_0_0_synth_1/dont_touch.xdc]
Finished Parsing XDC File [C:/Users/joshu/Desktop/exercise_5/vending_machine_system/vending_machine_system.runs/design_1_pulse_generator_0_0_synth_1/dont_touch.xdc]
Completed Processing XDC Constraints

Netlist sorting complete. Time (s): cpu = 00:00:00 ; elapsed = 00:00:00 . Memory (MB): peak = 1538.457 ; gain = 0.000
INFO: [Project 1-111] Unisim Transformation Summary:
No Unisim elements were transformed.

Constraint Validation Runtime : Time (s): cpu = 00:00:00 ; elapsed = 00:00:00.065 . Memory (MB): peak = 1538.457 ; gain = 0.000
INFO: [Designutils 20-5008] Incremental synthesis strategy off
---------------------------------------------------------------------------------
Finished Constraint Validation : Time (s): cpu = 00:00:23 ; elapsed = 00:00:27 . Memory (MB): peak = 1538.457 ; gain = 583.773
---------------------------------------------------------------------------------
---------------------------------------------------------------------------------
Start Loading Part and Timing Information
---------------------------------------------------------------------------------
Loading part: xc7z020clg484-1
---------------------------------------------------------------------------------
Finished Loading Part and Timing Information : Time (s): cpu = 00:00:23 ; elapsed = 00:00:27 . Memory (MB): peak = 1538.457 ; gain = 583.773
---------------------------------------------------------------------------------
---------------------------------------------------------------------------------
Start Applying 'set_property' XDC Constraints
---------------------------------------------------------------------------------
Applied set_property KEEP_HIERARCHY = SOFT for U0. (constraint file  C:/Users/joshu/Desktop/exercise_5/vending_machine_system/vending_machine_system.runs/design_1_pulse_generator_0_0_synth_1/dont_touch.xdc, line 9).
---------------------------------------------------------------------------------
Finished applying 'set_property' XDC Constraints : Time (s): cpu = 00:00:23 ; elapsed = 00:00:27 . Memory (MB): peak = 1538.457 ; gain = 583.773
---------------------------------------------------------------------------------
---------------------------------------------------------------------------------
Finished RTL Optimization Phase 2 : Time (s): cpu = 00:00:23 ; elapsed = 00:00:27 . Memory (MB): peak = 1538.457 ; gain = 583.773
---------------------------------------------------------------------------------
---------------------------------------------------------------------------------
Start RTL Component Statistics 
---------------------------------------------------------------------------------
Detailed RTL Component Info : 
+---XORs : 
	   2 Input      1 Bit         XORs := 1     
+---Registers : 
	                1 Bit    Registers := 2     
---------------------------------------------------------------------------------
Finished RTL Component Statistics 
---------------------------------------------------------------------------------
---------------------------------------------------------------------------------
Start Part Resource Summary
---------------------------------------------------------------------------------
Part Resources:
DSPs: 220 (col length:60)
BRAMs: 280 (col length: RAMB18 60 RAMB36 30)
---------------------------------------------------------------------------------
Finished Part Resource Summary
---------------------------------------------------------------------------------
---------------------------------------------------------------------------------
Start Cross Boundary and Area Optimization
---------------------------------------------------------------------------------
WARNING: [Synth 8-7080] Parallel synthesis criteria is not met
---------------------------------------------------------------------------------
Finished Cross Boundary and Area Optimization : Time (s): cpu = 00:00:25 ; elapsed = 00:00:29 . Memory (MB): peak = 1538.457 ; gain = 583.773
---------------------------------------------------------------------------------
---------------------------------------------------------------------------------
Start Applying XDC Timing Constraints
---------------------------------------------------------------------------------
---------------------------------------------------------------------------------
Finished Applying XDC Timing Constraints : Time (s): cpu = 00:00:34 ; elapsed = 00:00:39 . Memory (MB): peak = 1538.457 ; gain = 583.773
---------------------------------------------------------------------------------
---------------------------------------------------------------------------------
Start Timing Optimization
---------------------------------------------------------------------------------
---------------------------------------------------------------------------------
Finished Timing Optimization : Time (s): cpu = 00:00:34 ; elapsed = 00:00:39 . Memory (MB): peak = 1538.457 ; gain = 583.773
---------------------------------------------------------------------------------
---------------------------------------------------------------------------------
Start Technology Mapping
---------------------------------------------------------------------------------
---------------------------------------------------------------------------------
Finished Technology Mapping : Time (s): cpu = 00:00:34 ; elapsed = 00:00:39 . Memory (MB): peak = 1538.457 ; gain = 583.773
---------------------------------------------------------------------------------
---------------------------------------------------------------------------------
Start IO Insertion
---------------------------------------------------------------------------------
---------------------------------------------------------------------------------
Start Flattening Before IO Insertion
---------------------------------------------------------------------------------
---------------------------------------------------------------------------------
Finished Flattening Before IO Insertion
---------------------------------------------------------------------------------
---------------------------------------------------------------------------------
Start Final Netlist Cleanup
---------------------------------------------------------------------------------
---------------------------------------------------------------------------------
Finished Final Netlist Cleanup
---------------------------------------------------------------------------------
---------------------------------------------------------------------------------
Finished IO Insertion : Time (s): cpu = 00:00:41 ; elapsed = 00:00:45 . Memory (MB): peak = 1538.457 ; gain = 583.773
---------------------------------------------------------------------------------
---------------------------------------------------------------------------------
Start Renaming Generated Instances
---------------------------------------------------------------------------------
---------------------------------------------------------------------------------
Finished Renaming Generated Instances : Time (s): cpu = 00:00:41 ; elapsed = 00:00:45 . Memory (MB): peak = 1538.457 ; gain = 583.773
---------------------------------------------------------------------------------
---------------------------------------------------------------------------------
Start Rebuilding User Hierarchy
---------------------------------------------------------------------------------
---------------------------------------------------------------------------------
Finished Rebuilding User Hierarchy : Time (s): cpu = 00:00:41 ; elapsed = 00:00:45 . Memory (MB): peak = 1538.457 ; gain = 583.773
---------------------------------------------------------------------------------
---------------------------------------------------------------------------------
Start Renaming Generated Ports
---------------------------------------------------------------------------------
---------------------------------------------------------------------------------
Finished Renaming Generated Ports : Time (s): cpu = 00:00:41 ; elapsed = 00:00:45 . Memory (MB): peak = 1538.457 ; gain = 583.773
---------------------------------------------------------------------------------
---------------------------------------------------------------------------------
Start Handling Custom Attributes
---------------------------------------------------------------------------------
---------------------------------------------------------------------------------
Finished Handling Custom Attributes : Time (s): cpu = 00:00:41 ; elapsed = 00:00:45 . Memory (MB): peak = 1538.457 ; gain = 583.773
---------------------------------------------------------------------------------
---------------------------------------------------------------------------------
Start Renaming Generated Nets
---------------------------------------------------------------------------------
---------------------------------------------------------------------------------
Finished Renaming Generated Nets : Time (s): cpu = 00:00:41 ; elapsed = 00:00:45 . Memory (MB): peak = 1538.457 ; gain = 583.773
---------------------------------------------------------------------------------
---------------------------------------------------------------------------------
Start Writing Synthesis Report
---------------------------------------------------------------------------------

Report BlackBoxes: 
+-+--------------+----------+
| |BlackBox name |Instances |
+-+--------------+----------+
+-+--------------+----------+

Report Cell Usage: 
+------+-----+------+
|      |Cell |Count |
+------+-----+------+
|1     |LUT2 |     1|
|2     |FDRE |     1|
+------+-----+------+
---------------------------------------------------------------------------------
Finished Writing Synthesis Report : Time (s): cpu = 00:00:41 ; elapsed = 00:00:45 . Memory (MB): peak = 1538.457 ; gain = 583.773
---------------------------------------------------------------------------------
Synthesis finished with 0 errors, 0 critical warnings and 1 warnings.
Synthesis Optimization Runtime : Time (s): cpu = 00:00:27 ; elapsed = 00:00:42 . Memory (MB): peak = 1538.457 ; gain = 557.875
Synthesis Optimization Complete : Time (s): cpu = 00:00:41 ; elapsed = 00:00:46 . Memory (MB): peak = 1538.457 ; gain = 583.773
INFO: [Project 1-571] Translating synthesized netlist
Netlist sorting complete. Time (s): cpu = 00:00:00 ; elapsed = 00:00:00 . Memory (MB): peak = 1538.457 ; gain = 0.000
INFO: [Project 1-570] Preparing netlist for logic optimization
INFO: [Opt 31-138] Pushed 0 inverter(s) to 0 load pin(s).
Netlist sorting complete. Time (s): cpu = 00:00:00 ; elapsed = 00:00:00 . Memory (MB): peak = 1538.457 ; gain = 0.000
INFO: [Project 1-111] Unisim Transformation Summary:
No Unisim elements were transformed.

Synth Design complete | Checksum: ec1bf98b
INFO: [Common 17-83] Releasing license: Synthesis
26 Infos, 2 Warnings, 0 Critical Warnings and 0 Errors encountered.
synth_design completed successfully
synth_design: Time (s): cpu = 00:00:48 ; elapsed = 00:00:56 . Memory (MB): peak = 1538.457 ; gain = 1010.324
INFO: [Common 17-1381] The checkpoint 'C:/Users/joshu/Desktop/exercise_5/vending_machine_system/vending_machine_system.runs/design_1_pulse_generator_0_0_synth_1/design_1_pulse_generator_0_0.dcp' has been generated.
INFO: [Coretcl 2-1648] Added synthesis output to IP cache for IP design_1_pulse_generator_0_0, cache-ID = 49deb6349eb49d19
INFO: [Common 17-1381] The checkpoint 'C:/Users/joshu/Desktop/exercise_5/vending_machine_system/vending_machine_system.runs/design_1_pulse_generator_0_0_synth_1/design_1_pulse_generator_0_0.dcp' has been generated.
INFO: [Vivado 12-24828] Executing command : report_utilization -file design_1_pulse_generator_0_0_utilization_synth.rpt -pb design_1_pulse_generator_0_0_utilization_synth.pb
INFO: [Common 17-206] Exiting Vivado at Sat Dec  6 03:43:34 2025...
