#-----------------------------------------------------------
# Vivado v2024.1 (64-bit)
# SW Build 5076996 on Wed May 22 18:37:14 MDT 2024
# IP Build 5075265 on Wed May 22 21:45:21 MDT 2024
# SharedData Build 5076995 on Wed May 22 18:29:18 MDT 2024
# Start of session at: Mon Dec  8 18:14:39 2025
# Process ID: 9312
# Current directory: C:/Users/joshu/Desktop/exercise_5/debouncer-vitishls-files/debouncer/solution1/impl/ip
# Command line: vivado.exe -notrace -mode batch -source run_ippack.tcl
# Log file: C:/Users/joshu/Desktop/exercise_5/debouncer-vitishls-files/debouncer/solution1/impl/ip/vivado.log
# Journal file: C:/Users/joshu/Desktop/exercise_5/debouncer-vitishls-files/debouncer/solution1/impl/ip\vivado.jou
# Running On        :LAPTOP-TSMU9UUL
# Platform          :Windows Server 2016 or Windows 10
# Operating System  :26200
# Processor Detail  :11th Gen Intel(R) Core(TM) i7-1165G7 @ 2.80GHz
# CPU Frequency     :2803 MHz
# CPU Physical cores:4
# CPU Logical cores :8
# Host memory       :16856 MB
# Swap memory       :40802 MB
# Total Virtual     :57658 MB
# Available Virtual :16964 MB
#-----------------------------------------------------------
source run_ippack.tcl -notrace
INFO: calling package_hls_ip ip_types=vitis sysgen json_file=C:/Users/joshu/Desktop/exercise_5/debouncer-vitishls-files/debouncer/solution1/solution1_data.json outdir=C:/Users/joshu/Desktop/exercise_5/debouncer-vitishls-files/debouncer/solution1/impl/ip srcdir=C:/Users/joshu/Desktop/exercise_5/debouncer-vitishls-files/debouncer/solution1 sort_interfaces_ports=false
INFO: Copied 1 ipmisc file(s) to C:/Users/joshu/Desktop/exercise_5/debouncer-vitishls-files/debouncer/solution1/impl/ip/misc
INFO: Copied 1 verilog file(s) to C:/Users/joshu/Desktop/exercise_5/debouncer-vitishls-files/debouncer/solution1/impl/ip/hdl/verilog
INFO: Copied 1 vhdl file(s) to C:/Users/joshu/Desktop/exercise_5/debouncer-vitishls-files/debouncer/solution1/impl/ip/hdl/vhdl
ipx::create_core: Time (s): cpu = 00:00:07 ; elapsed = 00:00:07 . Memory (MB): peak = 519.664 ; gain = 193.848
INFO: Import ports from HDL: C:/Users/joshu/Desktop/exercise_5/debouncer-vitishls-files/debouncer/solution1/impl/ip/hdl/vhdl/debouncer.vhd (debouncer)
INFO: Add clock interface ap_clk
INFO: Add reset interface ap_rst
INFO: Add data interface btn_in
INFO: Add data interface btn_out
INFO: [IP_Flow 19-234] Refreshing IP repositories
INFO: [IP_Flow 19-1704] No user IP repositories specified
INFO: [IP_Flow 19-2313] Loaded Vivado IP repository 'C:/Xilinx/Vivado/2024.1/data/ip'.
INFO: Calling post_process_vitis to specialize IP
INFO: Calling post_process_sysgen to specialize IP
Generating sysgen info xml from json file
INFO: Created IP C:/Users/joshu/Desktop/exercise_5/debouncer-vitishls-files/debouncer/solution1/impl/ip/component.xml
INFO: Created IP archive C:/Users/joshu/Desktop/exercise_5/debouncer-vitishls-files/debouncer/solution1/impl/ip/xilinx_com_hls_debouncer_1_0.zip
INFO: [Common 17-206] Exiting Vivado at Mon Dec  8 18:14:49 2025...
