

================================================================
== Synthesis Summary Report of 'debouncer'
================================================================
+ General Information: 
    * Date:           Mon Dec  8 18:14:11 2025
    * Version:        2024.1 (Build 5069499 on May 21 2024)
    * Project:        debouncer
    * Solution:       solution1 (Vivado IP Flow Target)
    * Product family: zynq
    * Target device:  xc7z020-clg484-1
    

+ Performance & Resource Estimates: 
    
    PS: '+' for module; 'o' for loop; '*' for dataflow
    +-------------+------+------+---------+--------+----------+---------+------+----------+------+----+----------+-----------+-----+
    |   Modules   | Issue|      | Latency | Latency| Iteration|         | Trip |          |      |    |          |           |     |
    |   & Loops   | Type | Slack| (cycles)|  (ns)  |  Latency | Interval| Count| Pipelined| BRAM | DSP|    FF    |    LUT    | URAM|
    +-------------+------+------+---------+--------+----------+---------+------+----------+------+----+----------+-----------+-----+
    |+ debouncer  |     -|  1.16|        0|   0.000|         -|        1|     -|        no|     -|   -|  34 (~0%)|  190 (~0%)|    -|
    +-------------+------+------+---------+--------+----------+---------+------+----------+------+----+----------+-----------+-----+


================================================================
== HW Interfaces
================================================================
* Other Ports
+---------+---------+-----------+----------+
| Port    | Mode    | Direction | Bitwidth |
+---------+---------+-----------+----------+
| btn_in  | ap_none | in        | 1        |
| btn_out | ap_none | out       | 1        |
+---------+---------+-----------+----------+

* TOP LEVEL CONTROL
+-----------+--------------+--------+
| Interface | Type         | Ports  |
+-----------+--------------+--------+
| ap_clk    | clock        | ap_clk |
| ap_rst    | reset        | ap_rst |
| ap_ctrl   | ap_ctrl_none |        |
+-----------+--------------+--------+


================================================================
== SW I/O Information
================================================================
* Top Function Arguments
+----------+-----------+----------+
| Argument | Direction | Datatype |
+----------+-----------+----------+
| btn_in   | in        | bool     |
| btn_out  | out       | bool&    |
+----------+-----------+----------+

* SW-to-HW Mapping
+----------+--------------+---------+
| Argument | HW Interface | HW Type |
+----------+--------------+---------+
| btn_in   | btn_in       | port    |
| btn_out  | btn_out      | port    |
+----------+--------------+---------+


================================================================
== Bind Op Report
================================================================
+-----------------------+-----+--------+-----------+-------+--------+---------+
| Name                  | DSP | Pragma | Variable  | Op    | Impl   | Latency |
+-----------------------+-----+--------+-----------+-------+--------+---------+
| + debouncer           | 0   |        |           |       |        |         |
|   icmp_ln45_fu_91_p2  |     |        | icmp_ln45 | seteq | auto   | 0       |
|   add_ln46_fu_97_p2   |     |        | add_ln46  | add   | fabric | 0       |
|   icmp_ln48_fu_110_p2 |     |        | icmp_ln48 | seteq | auto   | 0       |
+-----------------------+-----+--------+-----------+-------+--------+---------+


================================================================
== Storage Report
================================================================
  No bind storage info in design

================================================================
== Pragma Report
================================================================
* Valid Pragma Syntax
+-----------+--------------------------+----------------------------------------+
| Type      | Options                  | Location                               |
+-----------+--------------------------+----------------------------------------+
| interface | ap_none port=btn_in      | debouncer.cpp:9 in debouncer, btn_in   |
| interface | ap_none port=btn_out     | debouncer.cpp:10 in debouncer, btn_out |
| interface | ap_ctrl_none port=return | debouncer.cpp:11 in debouncer, return  |
+-----------+--------------------------+----------------------------------------+


